0 info it worked if it ends with ok
1 verbose cli [ 'node',
1 verbose cli   '/Users/t32k/.nvm/v0.10.38/bin/npm',
1 verbose cli   'version',
1 verbose cli   'patch' ]
2 info using npm@2.8.3
3 info using node@v0.10.38
4 info git [ 'status', '--porcelain' ]
5 verbose stack Error: Git working directory not clean.
5 verbose stack M bin/cli.js
5 verbose stack     at /Users/t32k/.nvm/v0.10.38/lib/node_modules/npm/lib/version.js:138:37
5 verbose stack     at ChildProcess.exithandler (child_process.js:656:7)
5 verbose stack     at ChildProcess.emit (events.js:98:17)
5 verbose stack     at maybeClose (child_process.js:766:16)
5 verbose stack     at Socket.<anonymous> (child_process.js:979:11)
5 verbose stack     at Socket.emit (events.js:95:17)
5 verbose stack     at Pipe.close (net.js:466:12)
6 verbose cwd /Users/t32k/Projects/ssq
7 error Darwin 14.3.0
8 error argv "node" "/Users/t32k/.nvm/v0.10.38/bin/npm" "version" "patch"
9 error node v0.10.38
10 error npm  v2.8.3
11 error Git working directory not clean.
11 error M bin/cli.js
12 error If you need help, you may report this error at:
12 error     <https://github.com/npm/npm/issues>
13 verbose exit [ 1, true ]
